{
  "RSpec": {
    "coverage": {
      "/home/esteban/Escritorio/UTN/laboratorio 4/entrega1/spec/encriptador_bcrypt_spec.rb": [
        1,
        1,
        null,
        1,
        8,
        null,
        1,
        null,
        1,
        1,
        1,
        null,
        1,
        null,
        null,
        1,
        1,
        1,
        null,
        null,
        null,
        null,
        null,
        1,
        null,
        1,
        1,
        null,
        null,
        1,
        1,
        1,
        null,
        null,
        1,
        1,
        1,
        null,
        null,
        null,
        1,
        null,
        1,
        1,
        1,
        null,
        null,
        1,
        1,
        1,
        null,
        null,
        null,
        null,
        null,
        null
      ],
      "/home/esteban/Escritorio/UTN/laboratorio 4/entrega1/encriptador_bcrypt.rb": [
        1,
        null,
        null,
        1,
        null,
        null,
        1,
        null,
        null,
        1,
        null,
        null,
        1,
        null,
        null,
        null,
        1,
        10,
        10,
        10,
        null,
        null,
        null,
        null,
        1,
        4,
        3,
        null,
        1,
        null,
        null,
        null,
        null,
        null,
        1,
        13,
        null,
        null,
        null,
        null,
        1,
        null,
        null,
        2,
        null,
        null
      ],
      "/home/esteban/Escritorio/UTN/laboratorio 4/entrega1/spec/encriptador_caesar_spec.rb": [
        1,
        1,
        null,
        1,
        10,
        null,
        1,
        null,
        1,
        1,
        1,
        1,
        1,
        null,
        null,
        1,
        1,
        1,
        null,
        null,
        null,
        null,
        null,
        1,
        null,
        1,
        1,
        1,
        1,
        null,
        1,
        null,
        null,
        1,
        1,
        1,
        null,
        null,
        null,
        null,
        null,
        1,
        null,
        1,
        1,
        null,
        null,
        1,
        1,
        1,
        null,
        null,
        1,
        1,
        1,
        null,
        null,
        null,
        1,
        null,
        1,
        1,
        1,
        null,
        null,
        1,
        1,
        1,
        null,
        null,
        null,
        null,
        null,
        null
      ],
      "/home/esteban/Escritorio/UTN/laboratorio 4/entrega1/encriptador_caesar.rb": [
        1,
        null,
        null,
        null,
        null,
        1,
        null,
        null,
        1,
        null,
        null,
        1,
        null,
        null,
        1,
        null,
        null,
        null,
        null,
        null,
        null,
        null,
        1,
        null,
        15,
        15,
        null,
        15,
        15,
        15,
        15,
        15,
        null,
        15,
        null,
        null,
        null,
        null,
        1,
        6,
        5,
        null,
        1,
        null,
        null,
        null,
        null,
        null,
        null,
        1,
        4,
        3,
        null,
        1,
        null,
        null,
        null,
        null,
        null,
        1,
        24,
        null,
        null,
        null,
        null,
        null,
        null,
        1,
        2,
        null,
        null,
        null,
        null
      ],
      "/home/esteban/Escritorio/UTN/laboratorio 4/entrega1/caracter_no_valido_error.rb": [
        null,
        null,
        1,
        null
      ],
      "/home/esteban/Escritorio/UTN/laboratorio 4/entrega1/spec/encriptador_texto_plano_spec.rb": [
        1,
        1,
        null,
        1,
        8,
        null,
        null,
        null,
        null,
        1,
        null,
        1,
        1,
        1,
        null,
        1,
        null,
        1,
        null,
        null,
        1,
        1,
        1,
        null,
        null,
        null,
        null,
        null,
        1,
        null,
        1,
        1,
        null,
        null,
        1,
        1,
        1,
        null,
        null,
        1,
        1,
        1,
        null,
        null,
        null,
        1,
        null,
        1,
        1,
        1,
        null,
        null,
        1,
        1,
        1,
        null,
        null,
        null,
        null,
        null,
        null
      ],
      "/home/esteban/Escritorio/UTN/laboratorio 4/entrega1/encriptador_texto_plano.rb": [
        null,
        null,
        1,
        null,
        null,
        1,
        null,
        null,
        1,
        null,
        null,
        1,
        null,
        null,
        null,
        1,
        34,
        34,
        34,
        null,
        null,
        null,
        null,
        1,
        19,
        18,
        null,
        1,
        null,
        null,
        null,
        null,
        null,
        1,
        63,
        null,
        null,
        null,
        null,
        1,
        10,
        10,
        null,
        0,
        null,
        null,
        null,
        null
      ],
      "/home/esteban/Escritorio/UTN/laboratorio 4/entrega1/spec/manejador_usuarios_spec.rb": [
        1,
        1,
        null,
        1,
        null,
        26,
        null,
        1,
        null,
        1,
        1,
        null,
        1,
        1,
        null,
        null,
        1,
        1,
        null,
        null,
        1,
        1,
        null,
        null,
        1,
        1,
        null,
        null,
        null,
        null,
        null,
        1,
        null,
        1,
        1,
        null,
        null,
        1,
        1,
        1,
        null,
        1,
        1,
        null,
        null,
        null,
        null,
        1,
        null,
        1,
        3,
        null,
        null,
        1,
        1,
        null,
        null,
        1,
        1,
        1,
        null,
        null,
        null,
        1,
        1,
        1,
        null,
        null,
        null,
        null,
        null,
        1,
        null,
        1,
        6,
        null,
        null,
        1,
        1,
        null,
        null,
        1,
        1,
        1,
        null,
        null,
        null,
        1,
        1,
        1,
        null,
        null,
        null,
        1,
        1,
        1,
        null,
        null,
        null,
        1,
        1,
        1,
        null,
        1,
        1,
        null,
        null,
        null,
        1,
        1,
        1,
        null,
        null,
        null,
        null,
        1,
        null,
        1,
        1,
        null,
        null,
        1,
        1,
        1,
        null,
        null,
        null,
        null,
        1,
        null,
        1,
        1,
        1,
        null,
        null,
        null,
        null,
        1,
        null,
        1,
        1,
        1,
        null,
        null,
        null,
        null,
        1,
        null,
        1,
        1,
        1,
        null,
        null,
        null,
        null,
        1,
        null,
        1,
        1,
        1,
        null,
        null,
        null,
        null,
        1,
        1,
        1,
        1,
        null,
        null,
        null,
        1,
        1,
        1,
        1,
        null,
        null,
        null,
        1,
        null,
        1,
        1,
        1,
        1,
        null,
        null,
        1,
        1,
        1,
        null,
        null,
        null,
        null,
        null,
        1,
        null,
        1,
        1,
        1,
        1,
        1,
        1,
        null,
        null,
        1,
        1,
        1,
        null,
        null,
        null,
        null,
        null,
        1,
        null,
        1,
        1,
        1,
        null,
        null,
        null,
        1,
        1,
        1,
        1,
        null,
        1,
        1,
        null,
        null,
        null,
        null,
        null,
        null
      ],
      "/home/esteban/Escritorio/UTN/laboratorio 4/entrega1/manejador_usuarios.rb": [
        1,
        1,
        1,
        1,
        1,
        1,
        1,
        1,
        null,
        null,
        null,
        null,
        null,
        1,
        null,
        1,
        null,
        null,
        1,
        25,
        25,
        null,
        null,
        null,
        1,
        50,
        null,
        null,
        null,
        null,
        null,
        null,
        1,
        17,
        null,
        17,
        null,
        1,
        null,
        14,
        null,
        null,
        null,
        null,
        null,
        null,
        null,
        1,
        12,
        null,
        12,
        null,
        11,
        10,
        null,
        8,
        7,
        null,
        7,
        null,
        null,
        null,
        null,
        null,
        4,
        null,
        1,
        null,
        null,
        null,
        null,
        null,
        1,
        59,
        28,
        null,
        3,
        null,
        null,
        null,
        null,
        1,
        1,
        null,
        null,
        null,
        1,
        26,
        null,
        null,
        null,
        1,
        3,
        null,
        null,
        null,
        1,
        2,
        null,
        null,
        null,
        1,
        1,
        null,
        null,
        null,
        null,
        1,
        1,
        null,
        null,
        null,
        null,
        1,
        5,
        null,
        null,
        null,
        null,
        1,
        12,
        12,
        null,
        6,
        null,
        6,
        null,
        null,
        null,
        null,
        null,
        1,
        3,
        null,
        null,
        null
      ],
      "/home/esteban/Escritorio/UTN/laboratorio 4/entrega1/usuario.rb": [
        null,
        null,
        1,
        null,
        1,
        null,
        1,
        null,
        1,
        null,
        null,
        null,
        1,
        17,
        17,
        17,
        null,
        null,
        null,
        1,
        9,
        null,
        null,
        null,
        1,
        3,
        null,
        null,
        null
      ],
      "/home/esteban/Escritorio/UTN/laboratorio 4/entrega1/usuario_o_clave_error.rb": [
        null,
        1,
        null,
        null
      ],
      "/home/esteban/Escritorio/UTN/laboratorio 4/entrega1/usuario_ya_existente_error.rb": [
        null,
        1,
        null,
        null
      ],
      "/home/esteban/Escritorio/UTN/laboratorio 4/entrega1/usuario_ya_logueado_error.rb": [
        null,
        1,
        null,
        null
      ],
      "/home/esteban/Escritorio/UTN/laboratorio 4/entrega1/no_hay_usuario_logueado_error.rb": [
        null,
        null,
        1,
        null,
        null
      ],
      "/home/esteban/Escritorio/UTN/laboratorio 4/entrega1/spec/usuario_spec.rb": [
        1,
        1,
        null,
        1,
        null,
        4,
        null,
        1,
        null,
        1,
        1,
        1,
        1,
        null,
        null,
        1,
        2,
        null,
        null,
        null,
        1,
        null,
        1,
        1,
        1,
        null,
        null,
        null,
        1,
        null,
        1,
        1,
        null,
        null,
        1,
        1,
        1,
        null,
        null,
        null,
        null
      ]
    },
    "timestamp": 1460946666
  }
}
